{"time":"2026-05-01T12:00:08.808566543Z","level":"INFO","msg":"Server started","http":":80"}
=> Booting Puma
=> Rails 8.1.3 application starting in production 
=> Run `bin/rails server --help` for more startup options
[13] Puma starting in cluster mode...
[13] * Puma version: 7.2.0 ("On The Corner")
[13] * Ruby version: ruby 4.0.3 (2026-04-21 revision 85ddef263a) +YJIT +MN +PRISM [x86_64-linux]
[13] *  Min threads: 3
[13] *  Max threads: 3
[13] *  Environment: production
[13] *   Master PID: 13
[13] *      Workers: 64
[13] *     Restarts: (✔) hot (✖) phased (✖) refork
[13] * Preloading application
[13] * Listening on http://0.0.0.0:8080
[13] Use Ctrl-C to stop
[13] ! WARNING: Detected `RUBY_MN_THREADS=1`
[13] ! This setting is known to cause performance regressions with Puma.
[13] ! Consider disabling this environment variable: https://github.com/puma/puma/issues/3720
[13] - Worker 0 (PID: 18) booted in 0.17s, phase: 0
[13] - Worker 1 (PID: 22) booted in 0.17s, phase: 0
[13] - Worker 2 (PID: 26) booted in 0.17s, phase: 0
[13] - Worker 3 (PID: 30) booted in 0.17s, phase: 0
[13] - Worker 4 (PID: 35) booted in 0.16s, phase: 0
[13] - Worker 5 (PID: 39) booted in 0.16s, phase: 0
[13] - Worker 6 (PID: 44) booted in 0.16s, phase: 0
[13] - Worker 7 (PID: 49) booted in 0.16s, phase: 0
[13] - Worker 8 (PID: 54) booted in 0.15s, phase: 0
[13] - Worker 9 (PID: 60) booted in 0.15s, phase: 0
[13] - Worker 10 (PID: 66) booted in 0.15s, phase: 0
[13] - Worker 11 (PID: 72) booted in 0.15s, phase: 0
[13] - Worker 12 (PID: 78) booted in 0.15s, phase: 0
[13] - Worker 13 (PID: 84) booted in 0.14s, phase: 0
[13] - Worker 14 (PID: 94) booted in 0.14s, phase: 0
[13] - Worker 15 (PID: 100) booted in 0.14s, phase: 0
[13] - Worker 16 (PID: 106) booted in 0.13s, phase: 0
[13] - Worker 17 (PID: 111) booted in 0.13s, phase: 0
[13] - Worker 18 (PID: 116) booted in 0.13s, phase: 0
[13] - Worker 19 (PID: 122) booted in 0.13s, phase: 0
[13] - Worker 20 (PID: 128) booted in 0.13s, phase: 0
[13] - Worker 21 (PID: 133) booted in 0.12s, phase: 0
[13] - Worker 22 (PID: 138) booted in 0.12s, phase: 0
[13] - Worker 23 (PID: 144) booted in 0.12s, phase: 0
[13] - Worker 24 (PID: 150) booted in 0.12s, phase: 0
[13] - Worker 25 (PID: 156) booted in 0.12s, phase: 0
[13] - Worker 26 (PID: 162) booted in 0.11s, phase: 0
[13] - Worker 27 (PID: 169) booted in 0.11s, phase: 0
[13] - Worker 28 (PID: 175) booted in 0.11s, phase: 0
[13] - Worker 29 (PID: 182) booted in 0.1s, phase: 0
[13] - Worker 30 (PID: 190) booted in 0.1s, phase: 0
[13] - Worker 31 (PID: 196) booted in 0.1s, phase: 0
[13] - Worker 32 (PID: 201) booted in 0.1s, phase: 0
[13] - Worker 33 (PID: 207) booted in 0.09s, phase: 0
[13] - Worker 34 (PID: 212) booted in 0.09s, phase: 0
[13] - Worker 35 (PID: 218) booted in 0.09s, phase: 0
[13] - Worker 36 (PID: 223) booted in 0.09s, phase: 0
[13] - Worker 37 (PID: 229) booted in 0.08s, phase: 0
[13] - Worker 38 (PID: 234) booted in 0.08s, phase: 0
[13] - Worker 39 (PID: 240) booted in 0.08s, phase: 0
[13] - Worker 40 (PID: 246) booted in 0.08s, phase: 0
[13] - Worker 41 (PID: 252) booted in 0.08s, phase: 0
[13] - Worker 42 (PID: 258) booted in 0.07s, phase: 0
[13] - Worker 43 (PID: 264) booted in 0.07s, phase: 0
[13] - Worker 44 (PID: 270) booted in 0.07s, phase: 0
[13] - Worker 45 (PID: 276) booted in 0.07s, phase: 0
[13] - Worker 46 (PID: 281) booted in 0.06s, phase: 0
[13] - Worker 47 (PID: 288) booted in 0.06s, phase: 0
[13] - Worker 48 (PID: 294) booted in 0.06s, phase: 0
[13] - Worker 49 (PID: 300) booted in 0.06s, phase: 0
[13] - Worker 50 (PID: 306) booted in 0.05s, phase: 0
[13] - Worker 51 (PID: 311) booted in 0.05s, phase: 0
[13] - Worker 52 (PID: 318) booted in 0.05s, phase: 0
[13] - Worker 53 (PID: 324) booted in 0.05s, phase: 0
[13] - Worker 54 (PID: 330) booted in 0.04s, phase: 0
[13] - Worker 55 (PID: 336) booted in 0.04s, phase: 0
[13] - Worker 56 (PID: 342) booted in 0.04s, phase: 0
[13] - Worker 57 (PID: 348) booted in 0.04s, phase: 0
[13] - Worker 58 (PID: 354) booted in 0.03s, phase: 0
[13] - Worker 59 (PID: 360) booted in 0.03s, phase: 0
[13] - Worker 60 (PID: 366) booted in 0.03s, phase: 0
[13] - Worker 61 (PID: 372) booted in 0.03s, phase: 0
[13] - Worker 62 (PID: 378) booted in 0.03s, phase: 0
[13] - Worker 63 (PID: 384) booted in 0.02s, phase: 0
