[1] Puma starting in cluster mode...
[1] * Puma version: 8.0.1 ("Into the Arena")
[1] * Ruby version: ruby 4.0.5 (2026-05-20 revision 64336ffd0e) +YJIT +MN +PRISM [x86_64-linux]
[1] *  Min threads: 3
[1] *  Max threads: 3
[1] *  Environment: production
[1] *   Master PID: 1
[1] *      Workers: 64
[1] *     Restarts: (✔) hot (✖) phased (✖) refork
[1] * Preloading application
[1] * Listening on http://0.0.0.0:8080
[1] * Listening on ssl://0.0.0.0:8081?cert=/certs/server.crt&key=/certs/server.key
[1] Use Ctrl-C to stop
[1] ! WARNING: Detected `RUBY_MN_THREADS=1`
[1] ! This setting is known to cause performance regressions with Puma.
[1] ! Consider disabling this environment variable: https://github.com/puma/puma/issues/3720
[1] - Worker 0 (PID: 10) booted in 0.11s, phase: 0
[1] - Worker 1 (PID: 13) booted in 0.11s, phase: 0
[1] - Worker 2 (PID: 16) booted in 0.11s, phase: 0
[1] - Worker 3 (PID: 20) booted in 0.11s, phase: 0
[1] - Worker 4 (PID: 24) booted in 0.11s, phase: 0
[1] - Worker 5 (PID: 28) booted in 0.11s, phase: 0
[1] - Worker 6 (PID: 32) booted in 0.1s, phase: 0
[1] - Worker 7 (PID: 36) booted in 0.1s, phase: 0
[1] - Worker 8 (PID: 41) booted in 0.1s, phase: 0
[1] - Worker 9 (PID: 44) booted in 0.1s, phase: 0
[1] - Worker 10 (PID: 49) booted in 0.1s, phase: 0
[1] - Worker 11 (PID: 55) booted in 0.1s, phase: 0
[1] - Worker 12 (PID: 59) booted in 0.09s, phase: 0
[1] - Worker 13 (PID: 68) booted in 0.09s, phase: 0
[1] - Worker 14 (PID: 72) booted in 0.09s, phase: 0
[1] - Worker 15 (PID: 79) booted in 0.09s, phase: 0
[1] - Worker 16 (PID: 84) booted in 0.09s, phase: 0
[1] - Worker 17 (PID: 89) booted in 0.09s, phase: 0
[1] - Worker 18 (PID: 95) booted in 0.09s, phase: 0
[1] - Worker 19 (PID: 104) booted in 0.09s, phase: 0
[1] - Worker 20 (PID: 109) booted in 0.09s, phase: 0
[1] - Worker 21 (PID: 113) booted in 0.1s, phase: 0
[1] - Worker 22 (PID: 119) booted in 0.1s, phase: 0
[1] - Worker 23 (PID: 125) booted in 0.1s, phase: 0
[1] - Worker 24 (PID: 131) booted in 0.1s, phase: 0
[1] - Worker 25 (PID: 137) booted in 0.09s, phase: 0
[1] - Worker 26 (PID: 143) booted in 0.09s, phase: 0
[1] - Worker 27 (PID: 148) booted in 0.09s, phase: 0
[1] - Worker 28 (PID: 155) booted in 0.09s, phase: 0
[1] - Worker 29 (PID: 166) booted in 0.09s, phase: 0
[1] - Worker 30 (PID: 176) booted in 0.08s, phase: 0
[1] - Worker 31 (PID: 180) booted in 0.08s, phase: 0
[1] - Worker 32 (PID: 186) booted in 0.08s, phase: 0
[1] - Worker 33 (PID: 190) booted in 0.08s, phase: 0
[1] - Worker 34 (PID: 195) booted in 0.08s, phase: 0
[1] - Worker 35 (PID: 200) booted in 0.08s, phase: 0
[1] - Worker 36 (PID: 205) booted in 0.08s, phase: 0
[1] - Worker 37 (PID: 212) booted in 0.07s, phase: 0
[1] - Worker 38 (PID: 216) booted in 0.07s, phase: 0
[1] - Worker 39 (PID: 221) booted in 0.07s, phase: 0
[1] - Worker 40 (PID: 226) booted in 0.07s, phase: 0
[1] - Worker 41 (PID: 232) booted in 0.07s, phase: 0
[1] - Worker 42 (PID: 238) booted in 0.07s, phase: 0
[1] - Worker 43 (PID: 243) booted in 0.07s, phase: 0
[1] - Worker 44 (PID: 248) booted in 0.07s, phase: 0
[1] - Worker 45 (PID: 253) booted in 0.06s, phase: 0
[1] - Worker 46 (PID: 258) booted in 0.06s, phase: 0
[1] - Worker 47 (PID: 263) booted in 0.06s, phase: 0
[1] - Worker 48 (PID: 269) booted in 0.06s, phase: 0
[1] - Worker 49 (PID: 277) booted in 0.06s, phase: 0
[1] - Worker 50 (PID: 282) booted in 0.06s, phase: 0
[1] - Worker 51 (PID: 287) booted in 0.06s, phase: 0
[1] - Worker 52 (PID: 293) booted in 0.06s, phase: 0
[1] - Worker 53 (PID: 299) booted in 0.05s, phase: 0
[1] - Worker 54 (PID: 304) booted in 0.05s, phase: 0
[1] - Worker 55 (PID: 311) booted in 0.05s, phase: 0
[1] - Worker 56 (PID: 318) booted in 0.05s, phase: 0
[1] - Worker 57 (PID: 325) booted in 0.05s, phase: 0
[1] - Worker 58 (PID: 330) booted in 0.05s, phase: 0
[1] - Worker 59 (PID: 334) booted in 0.05s, phase: 0
[1] - Worker 61 (PID: 350) booted in 0.04s, phase: 0
[1] - Worker 60 (PID: 343) booted in 0.04s, phase: 0
[1] - Worker 62 (PID: 359) booted in 0.04s, phase: 0
[1] - Worker 63 (PID: 365) booted in 0.04s, phase: 0
