[1] Puma starting in cluster mode...
[1] * Puma version: 8.0.1 ("Into the Arena")
[1] * Ruby version: ruby 4.0.4 (2026-05-12 revision b89eb1bcbf) +YJIT +MN +PRISM [x86_64-linux]
[1] *  Min threads: 4
[1] *  Max threads: 4
[1] *  Environment: production
[1] *   Master PID: 1
[1] *      Workers: 64
[1] *     Restarts: (✔) hot (✖) phased (✖) refork
[1] * Preloading application
[1] * Listening on http://0.0.0.0:8080
[1] * Listening on ssl://0.0.0.0:8081?cert=/certs/server.crt&key=/certs/server.key
[1] Use Ctrl-C to stop
[1] ! WARNING: Detected `RUBY_MN_THREADS=1`
[1] ! This setting is known to cause performance regressions with Puma.
[1] ! Consider disabling this environment variable: https://github.com/puma/puma/issues/3720
[1] - Worker 0 (PID: 9) booted in 0.1s, phase: 0
[1] - Worker 1 (PID: 12) booted in 0.1s, phase: 0
[1] - Worker 2 (PID: 16) booted in 0.1s, phase: 0
[1] - Worker 3 (PID: 21) booted in 0.1s, phase: 0
[1] - Worker 4 (PID: 25) booted in 0.1s, phase: 0
[1] - Worker 5 (PID: 29) booted in 0.1s, phase: 0
[1] - Worker 6 (PID: 33) booted in 0.09s, phase: 0
[1] - Worker 7 (PID: 37) booted in 0.09s, phase: 0
[1] - Worker 8 (PID: 41) booted in 0.09s, phase: 0
[1] - Worker 9 (PID: 45) booted in 0.09s, phase: 0
[1] - Worker 10 (PID: 51) booted in 0.09s, phase: 0
[1] - Worker 11 (PID: 56) booted in 0.09s, phase: 0
[1] - Worker 12 (PID: 61) booted in 0.08s, phase: 0
[1] - Worker 13 (PID: 68) booted in 0.08s, phase: 0
[1] - Worker 14 (PID: 73) booted in 0.08s, phase: 0
[1] - Worker 15 (PID: 80) booted in 0.08s, phase: 0
[1] - Worker 16 (PID: 87) booted in 0.08s, phase: 0
[1] - Worker 17 (PID: 93) booted in 0.08s, phase: 0
[1] - Worker 18 (PID: 97) booted in 0.08s, phase: 0
[1] - Worker 19 (PID: 103) booted in 0.08s, phase: 0
[1] - Worker 20 (PID: 109) booted in 0.08s, phase: 0
[1] - Worker 21 (PID: 115) booted in 0.08s, phase: 0
[1] - Worker 22 (PID: 119) booted in 0.08s, phase: 0
[1] - Worker 23 (PID: 128) booted in 0.07s, phase: 0
[1] - Worker 24 (PID: 135) booted in 0.07s, phase: 0
[1] - Worker 25 (PID: 141) booted in 0.07s, phase: 0
[1] - Worker 26 (PID: 146) booted in 0.07s, phase: 0
[1] - Worker 27 (PID: 151) booted in 0.07s, phase: 0
[1] - Worker 28 (PID: 157) booted in 0.07s, phase: 0
[1] - Worker 29 (PID: 165) booted in 0.06s, phase: 0
[1] - Worker 30 (PID: 175) booted in 0.06s, phase: 0
[1] - Worker 31 (PID: 183) booted in 0.06s, phase: 0
[1] - Worker 32 (PID: 188) booted in 0.06s, phase: 0
[1] - Worker 33 (PID: 192) booted in 0.06s, phase: 0
[1] - Worker 34 (PID: 197) booted in 0.06s, phase: 0
[1] - Worker 35 (PID: 202) booted in 0.05s, phase: 0
[1] - Worker 36 (PID: 208) booted in 0.05s, phase: 0
[1] - Worker 37 (PID: 214) booted in 0.05s, phase: 0
[1] - Worker 38 (PID: 219) booted in 0.05s, phase: 0
[1] - Worker 39 (PID: 224) booted in 0.05s, phase: 0
[1] - Worker 40 (PID: 229) booted in 0.05s, phase: 0
[1] - Worker 41 (PID: 234) booted in 0.05s, phase: 0
[1] - Worker 42 (PID: 239) booted in 0.05s, phase: 0
[1] - Worker 43 (PID: 245) booted in 0.05s, phase: 0
[1] - Worker 44 (PID: 250) booted in 0.04s, phase: 0
[1] - Worker 45 (PID: 255) booted in 0.04s, phase: 0
[1] - Worker 46 (PID: 261) booted in 0.04s, phase: 0
[1] - Worker 47 (PID: 265) booted in 0.04s, phase: 0
[1] - Worker 48 (PID: 272) booted in 0.04s, phase: 0
[1] - Worker 49 (PID: 280) booted in 0.04s, phase: 0
[1] - Worker 50 (PID: 288) booted in 0.04s, phase: 0
[1] - Worker 51 (PID: 292) booted in 0.03s, phase: 0
[1] - Worker 52 (PID: 298) booted in 0.03s, phase: 0
[1] - Worker 53 (PID: 304) booted in 0.03s, phase: 0
[1] - Worker 54 (PID: 310) booted in 0.03s, phase: 0
[1] - Worker 55 (PID: 316) booted in 0.03s, phase: 0
[1] - Worker 56 (PID: 324) booted in 0.03s, phase: 0
[1] - Worker 57 (PID: 329) booted in 0.03s, phase: 0
[1] - Worker 58 (PID: 334) booted in 0.03s, phase: 0
[1] - Worker 59 (PID: 340) booted in 0.02s, phase: 0
[1] - Worker 60 (PID: 346) booted in 0.02s, phase: 0
[1] - Worker 61 (PID: 352) booted in 0.02s, phase: 0
[1] - Worker 62 (PID: 357) booted in 0.02s, phase: 0
[1] - Worker 63 (PID: 363) booted in 0.02s, phase: 0
