{"time":"2026-05-01T11:52:52.156975919Z","level":"INFO","msg":"Server started","http":":80"}
=> Booting Puma
=> Rails 8.1.3 application starting in production 
=> Run `bin/rails server --help` for more startup options
[13] Puma starting in cluster mode...
[13] * Puma version: 7.2.0 ("On The Corner")
[13] * Ruby version: ruby 4.0.3 (2026-04-21 revision 85ddef263a) +YJIT +MN +PRISM [x86_64-linux]
[13] *  Min threads: 3
[13] *  Max threads: 3
[13] *  Environment: production
[13] *   Master PID: 13
[13] *      Workers: 64
[13] *     Restarts: (✔) hot (✖) phased (✖) refork
[13] * Preloading application
[13] * Listening on http://0.0.0.0:8080
[13] Use Ctrl-C to stop
[13] ! WARNING: Detected `RUBY_MN_THREADS=1`
[13] ! This setting is known to cause performance regressions with Puma.
[13] ! Consider disabling this environment variable: https://github.com/puma/puma/issues/3720
[13] - Worker 0 (PID: 20) booted in 0.17s, phase: 0
[13] - Worker 1 (PID: 24) booted in 0.17s, phase: 0
[13] - Worker 2 (PID: 28) booted in 0.17s, phase: 0
[13] - Worker 3 (PID: 32) booted in 0.17s, phase: 0
[13] - Worker 4 (PID: 36) booted in 0.16s, phase: 0
[13] - Worker 5 (PID: 41) booted in 0.16s, phase: 0
[13] - Worker 6 (PID: 46) booted in 0.16s, phase: 0
[13] - Worker 7 (PID: 51) booted in 0.16s, phase: 0
[13] - Worker 8 (PID: 56) booted in 0.16s, phase: 0
[13] - Worker 9 (PID: 62) booted in 0.15s, phase: 0
[13] - Worker 10 (PID: 67) booted in 0.15s, phase: 0
[13] - Worker 11 (PID: 74) booted in 0.15s, phase: 0
[13] - Worker 12 (PID: 80) booted in 0.15s, phase: 0
[13] - Worker 13 (PID: 86) booted in 0.14s, phase: 0
[13] - Worker 14 (PID: 94) booted in 0.14s, phase: 0
[13] - Worker 15 (PID: 100) booted in 0.14s, phase: 0
[13] - Worker 16 (PID: 106) booted in 0.14s, phase: 0
[13] - Worker 17 (PID: 112) booted in 0.13s, phase: 0
[13] - Worker 18 (PID: 117) booted in 0.13s, phase: 0
[13] - Worker 19 (PID: 123) booted in 0.13s, phase: 0
[13] - Worker 20 (PID: 129) booted in 0.13s, phase: 0
[13] - Worker 21 (PID: 135) booted in 0.13s, phase: 0
[13] - Worker 22 (PID: 140) booted in 0.12s, phase: 0
[13] - Worker 23 (PID: 146) booted in 0.12s, phase: 0
[13] - Worker 24 (PID: 152) booted in 0.12s, phase: 0
[13] - Worker 25 (PID: 157) booted in 0.12s, phase: 0
[13] - Worker 26 (PID: 164) booted in 0.12s, phase: 0
[13] - Worker 27 (PID: 170) booted in 0.11s, phase: 0
[13] - Worker 28 (PID: 177) booted in 0.11s, phase: 0
[13] - Worker 29 (PID: 186) booted in 0.1s, phase: 0
[13] - Worker 30 (PID: 195) booted in 0.1s, phase: 0
[13] - Worker 31 (PID: 200) booted in 0.1s, phase: 0
[13] - Worker 32 (PID: 206) booted in 0.09s, phase: 0
[13] - Worker 33 (PID: 210) booted in 0.09s, phase: 0
[13] - Worker 34 (PID: 214) booted in 0.09s, phase: 0
[13] - Worker 35 (PID: 220) booted in 0.09s, phase: 0
[13] - Worker 36 (PID: 226) booted in 0.08s, phase: 0
[13] - Worker 37 (PID: 231) booted in 0.08s, phase: 0
[13] - Worker 38 (PID: 235) booted in 0.08s, phase: 0
[13] - Worker 39 (PID: 242) booted in 0.08s, phase: 0
[13] - Worker 40 (PID: 248) booted in 0.08s, phase: 0
[13] - Worker 41 (PID: 254) booted in 0.07s, phase: 0
[13] - Worker 42 (PID: 259) booted in 0.07s, phase: 0
[13] - Worker 43 (PID: 266) booted in 0.07s, phase: 0
[13] - Worker 44 (PID: 272) booted in 0.07s, phase: 0
[13] - Worker 45 (PID: 278) booted in 0.06s, phase: 0
[13] - Worker 46 (PID: 284) booted in 0.06s, phase: 0
[13] - Worker 47 (PID: 290) booted in 0.06s, phase: 0
[13] - Worker 48 (PID: 296) booted in 0.06s, phase: 0
[13] - Worker 49 (PID: 302) booted in 0.05s, phase: 0
[13] - Worker 50 (PID: 308) booted in 0.05s, phase: 0
[13] - Worker 51 (PID: 314) booted in 0.05s, phase: 0
[13] - Worker 52 (PID: 320) booted in 0.05s, phase: 0
[13] - Worker 53 (PID: 326) booted in 0.04s, phase: 0
[13] - Worker 54 (PID: 332) booted in 0.04s, phase: 0
[13] - Worker 55 (PID: 338) booted in 0.04s, phase: 0
[13] - Worker 56 (PID: 343) booted in 0.04s, phase: 0
[13] - Worker 57 (PID: 348) booted in 0.04s, phase: 0
[13] - Worker 58 (PID: 355) booted in 0.03s, phase: 0
[13] - Worker 59 (PID: 361) booted in 0.03s, phase: 0
[13] - Worker 60 (PID: 367) booted in 0.03s, phase: 0
[13] - Worker 61 (PID: 373) booted in 0.03s, phase: 0
[13] - Worker 62 (PID: 380) booted in 0.02s, phase: 0
[13] - Worker 63 (PID: 386) booted in 0.02s, phase: 0
