{"time":"2026-05-01T11:58:23.920480466Z","level":"INFO","msg":"Server started","http":":80"}
=> Booting Puma
=> Rails 8.1.3 application starting in production 
=> Run `bin/rails server --help` for more startup options
[13] Puma starting in cluster mode...
[13] * Puma version: 7.2.0 ("On The Corner")
[13] * Ruby version: ruby 4.0.3 (2026-04-21 revision 85ddef263a) +YJIT +MN +PRISM [x86_64-linux]
[13] *  Min threads: 3
[13] *  Max threads: 3
[13] *  Environment: production
[13] *   Master PID: 13
[13] *      Workers: 16
[13] *     Restarts: (✔) hot (✖) phased (✖) refork
[13] * Preloading application
[13] * Listening on http://0.0.0.0:8080
[13] Use Ctrl-C to stop
[13] ! WARNING: Detected `RUBY_MN_THREADS=1`
[13] ! This setting is known to cause performance regressions with Puma.
[13] ! Consider disabling this environment variable: https://github.com/puma/puma/issues/3720
[13] - Worker 0 (PID: 19) booted in 0.04s, phase: 0
[13] - Worker 1 (PID: 23) booted in 0.04s, phase: 0
[13] - Worker 2 (PID: 27) booted in 0.04s, phase: 0
[13] - Worker 3 (PID: 31) booted in 0.04s, phase: 0
[13] - Worker 4 (PID: 35) booted in 0.04s, phase: 0
[13] - Worker 5 (PID: 40) booted in 0.03s, phase: 0
[13] - Worker 6 (PID: 45) booted in 0.03s, phase: 0
[13] - Worker 7 (PID: 50) booted in 0.03s, phase: 0
[13] - Worker 8 (PID: 55) booted in 0.03s, phase: 0
[13] - Worker 9 (PID: 61) booted in 0.02s, phase: 0
[13] - Worker 10 (PID: 67) booted in 0.02s, phase: 0
[13] - Worker 11 (PID: 73) booted in 0.02s, phase: 0
[13] - Worker 12 (PID: 79) booted in 0.02s, phase: 0
[13] - Worker 13 (PID: 85) booted in 0.01s, phase: 0
[13] - Worker 14 (PID: 95) booted in 0.01s, phase: 0
[13] - Worker 15 (PID: 100) booted in 0.01s, phase: 0
