=> Booting Puma
=> Rails 8.1.3 application starting in production 
=> Run `bin/rails server --help` for more startup options
[1] Puma starting in cluster mode...
[1] * Puma version: 8.0.1 ("Into the Arena")
[1] * Ruby version: ruby 4.0.4 (2026-05-12 revision b89eb1bcbf) +YJIT +MN +PRISM [x86_64-linux]
[1] *  Min threads: 3
[1] *  Max threads: 3
[1] *  Environment: production
[1] *   Master PID: 1
[1] *      Workers: 64
[1] *     Restarts: (✔) hot (✖) phased (✖) refork
[1] * Preloading application
[1] * Listening on http://0.0.0.0:8080
[1] * Listening on ssl://0.0.0.0:8081?cert=/certs/server.crt&key=/certs/server.key
[1] Use Ctrl-C to stop
[1] ! WARNING: Detected `RUBY_MN_THREADS=1`
[1] ! This setting is known to cause performance regressions with Puma.
[1] ! Consider disabling this environment variable: https://github.com/puma/puma/issues/3720
[1] - Worker 0 (PID: 9) booted in 0.15s, phase: 0
[1] - Worker 1 (PID: 13) booted in 0.15s, phase: 0
[1] - Worker 2 (PID: 17) booted in 0.15s, phase: 0
[1] - Worker 3 (PID: 21) booted in 0.15s, phase: 0
[1] - Worker 4 (PID: 25) booted in 0.14s, phase: 0
[1] - Worker 5 (PID: 29) booted in 0.14s, phase: 0
[1] - Worker 6 (PID: 34) booted in 0.14s, phase: 0
[1] - Worker 7 (PID: 39) booted in 0.14s, phase: 0
[1] - Worker 8 (PID: 44) booted in 0.14s, phase: 0
[1] - Worker 9 (PID: 49) booted in 0.13s, phase: 0
[1] - Worker 10 (PID: 55) booted in 0.13s, phase: 0
[1] - Worker 11 (PID: 61) booted in 0.13s, phase: 0
[1] - Worker 12 (PID: 67) booted in 0.13s, phase: 0
[1] - Worker 13 (PID: 74) booted in 0.12s, phase: 0
[1] - Worker 14 (PID: 82) booted in 0.12s, phase: 0
[1] - Worker 15 (PID: 88) booted in 0.12s, phase: 0
[1] - Worker 16 (PID: 94) booted in 0.12s, phase: 0
[1] - Worker 17 (PID: 99) booted in 0.12s, phase: 0
[1] - Worker 18 (PID: 105) booted in 0.12s, phase: 0
[1] - Worker 19 (PID: 110) booted in 0.12s, phase: 0
[1] - Worker 20 (PID: 116) booted in 0.11s, phase: 0
[1] - Worker 21 (PID: 122) booted in 0.11s, phase: 0
[1] - Worker 22 (PID: 127) booted in 0.11s, phase: 0
[1] - Worker 23 (PID: 133) booted in 0.11s, phase: 0
[1] - Worker 24 (PID: 139) booted in 0.11s, phase: 0
[1] - Worker 25 (PID: 146) booted in 0.1s, phase: 0
[1] - Worker 26 (PID: 152) booted in 0.1s, phase: 0
[1] - Worker 27 (PID: 157) booted in 0.1s, phase: 0
[1] - Worker 28 (PID: 163) booted in 0.1s, phase: 0
[1] - Worker 29 (PID: 171) booted in 0.09s, phase: 0
[1] - Worker 30 (PID: 180) booted in 0.09s, phase: 0
[1] - Worker 31 (PID: 186) booted in 0.09s, phase: 0
[1] - Worker 32 (PID: 191) booted in 0.09s, phase: 0
[1] - Worker 33 (PID: 196) booted in 0.08s, phase: 0
[1] - Worker 34 (PID: 202) booted in 0.08s, phase: 0
[1] - Worker 35 (PID: 207) booted in 0.08s, phase: 0
[1] - Worker 36 (PID: 213) booted in 0.08s, phase: 0
[1] - Worker 37 (PID: 218) booted in 0.08s, phase: 0
[1] - Worker 38 (PID: 223) booted in 0.08s, phase: 0
[1] - Worker 39 (PID: 229) booted in 0.07s, phase: 0
[1] - Worker 40 (PID: 234) booted in 0.07s, phase: 0
[1] - Worker 41 (PID: 240) booted in 0.07s, phase: 0
[1] - Worker 42 (PID: 246) booted in 0.07s, phase: 0
[1] - Worker 43 (PID: 252) booted in 0.07s, phase: 0
[1] - Worker 44 (PID: 258) booted in 0.06s, phase: 0
[1] - Worker 45 (PID: 264) booted in 0.06s, phase: 0
[1] - Worker 46 (PID: 270) booted in 0.06s, phase: 0
[1] - Worker 47 (PID: 276) booted in 0.06s, phase: 0
[1] - Worker 48 (PID: 282) booted in 0.06s, phase: 0
[1] - Worker 49 (PID: 288) booted in 0.05s, phase: 0
[1] - Worker 50 (PID: 294) booted in 0.05s, phase: 0
[1] - Worker 51 (PID: 300) booted in 0.05s, phase: 0
[1] - Worker 52 (PID: 306) booted in 0.05s, phase: 0
[1] - Worker 53 (PID: 312) booted in 0.05s, phase: 0
[1] - Worker 54 (PID: 318) booted in 0.04s, phase: 0
[1] - Worker 55 (PID: 324) booted in 0.04s, phase: 0
[1] - Worker 56 (PID: 330) booted in 0.04s, phase: 0
[1] - Worker 57 (PID: 336) booted in 0.04s, phase: 0
[1] - Worker 58 (PID: 342) booted in 0.04s, phase: 0
[1] - Worker 59 (PID: 348) booted in 0.03s, phase: 0
[1] - Worker 60 (PID: 354) booted in 0.03s, phase: 0
[1] - Worker 61 (PID: 362) booted in 0.03s, phase: 0
[1] - Worker 62 (PID: 368) booted in 0.03s, phase: 0
[1] - Worker 63 (PID: 374) booted in 0.02s, phase: 0
