Exec: /app/erts-17.0/bin/erlexec -noinput +Bd -boot /app/releases/0.1.0/start -mode embedded -boot_var SYSTEM_LIB_DIR /app/lib -config /app/releases/0.1.0/sys.config -args_file /app/releases/0.1.0/vm.args -- foreground
Root: /app
/app
=ESOCK WARNING MSG==== 18-May-2026::11:32:22.837521 ===
[UNIX-ESSIO] Failed open sctp dynamic library: libsctp.so.1
=NOTICE REPORT==== 18-May-2026::11:32:35.981940 ===
    reason: closed
    msg: roadrunner response send failed
    phase: sendfile_body
=NOTICE REPORT==== 18-May-2026::11:32:35.982308 ===
    reason: closed
    msg: roadrunner response send failed
    phase: sendfile_body
=NOTICE REPORT==== 18-May-2026::11:32:35.982506 ===
    reason: closed
    msg: roadrunner response send failed
    phase: sendfile_body
=NOTICE REPORT==== 18-May-2026::11:32:35.982973 ===
    reason: closed
    msg: roadrunner response send failed
    phase: sendfile_body
