{"time":"2026-05-01T11:55:48.281334666Z","level":"INFO","msg":"Server started","http":":80"}
=> Booting Puma
=> Rails 8.1.3 application starting in production 
=> Run `bin/rails server --help` for more startup options
[13] Puma starting in cluster mode...
[13] * Puma version: 7.2.0 ("On The Corner")
[13] * Ruby version: ruby 4.0.3 (2026-04-21 revision 85ddef263a) +YJIT +MN +PRISM [x86_64-linux]
[13] *  Min threads: 3
[13] *  Max threads: 3
[13] *  Environment: production
[13] *   Master PID: 13
[13] *      Workers: 64
[13] *     Restarts: (✔) hot (✖) phased (✖) refork
[13] * Preloading application
[13] * Listening on http://0.0.0.0:8080
[13] Use Ctrl-C to stop
[13] ! WARNING: Detected `RUBY_MN_THREADS=1`
[13] ! This setting is known to cause performance regressions with Puma.
[13] ! Consider disabling this environment variable: https://github.com/puma/puma/issues/3720
[13] - Worker 0 (PID: 19) booted in 0.18s, phase: 0
[13] - Worker 1 (PID: 23) booted in 0.18s, phase: 0
[13] - Worker 2 (PID: 27) booted in 0.17s, phase: 0
[13] - Worker 3 (PID: 31) booted in 0.17s, phase: 0
[13] - Worker 4 (PID: 36) booted in 0.17s, phase: 0
[13] - Worker 5 (PID: 41) booted in 0.16s, phase: 0
[13] - Worker 6 (PID: 45) booted in 0.16s, phase: 0
[13] - Worker 7 (PID: 50) booted in 0.16s, phase: 0
[13] - Worker 8 (PID: 56) booted in 0.16s, phase: 0
[13] - Worker 9 (PID: 62) booted in 0.16s, phase: 0
[13] - Worker 10 (PID: 67) booted in 0.15s, phase: 0
[13] - Worker 11 (PID: 73) booted in 0.15s, phase: 0
[13] - Worker 12 (PID: 79) booted in 0.15s, phase: 0
[13] - Worker 13 (PID: 85) booted in 0.14s, phase: 0
[13] - Worker 14 (PID: 95) booted in 0.14s, phase: 0
[13] - Worker 15 (PID: 101) booted in 0.14s, phase: 0
[13] - Worker 16 (PID: 107) booted in 0.14s, phase: 0
[13] - Worker 17 (PID: 112) booted in 0.13s, phase: 0
[13] - Worker 18 (PID: 117) booted in 0.13s, phase: 0
[13] - Worker 19 (PID: 122) booted in 0.13s, phase: 0
[13] - Worker 20 (PID: 129) booted in 0.13s, phase: 0
[13] - Worker 21 (PID: 135) booted in 0.13s, phase: 0
[13] - Worker 22 (PID: 140) booted in 0.14s, phase: 0
[13] - Worker 23 (PID: 147) booted in 0.14s, phase: 0
[13] - Worker 24 (PID: 152) booted in 0.13s, phase: 0
[13] - Worker 25 (PID: 158) booted in 0.13s, phase: 0
[13] - Worker 26 (PID: 163) booted in 0.13s, phase: 0
[13] - Worker 27 (PID: 170) booted in 0.13s, phase: 0
[13] - Worker 28 (PID: 176) booted in 0.14s, phase: 0
[13] - Worker 29 (PID: 183) booted in 0.14s, phase: 0
[13] - Worker 30 (PID: 191) booted in 0.14s, phase: 0
[13] - Worker 31 (PID: 197) booted in 0.14s, phase: 0
[13] - Worker 32 (PID: 202) booted in 0.13s, phase: 0
[13] - Worker 33 (PID: 208) booted in 0.13s, phase: 0
[13] - Worker 34 (PID: 213) booted in 0.13s, phase: 0
[13] - Worker 35 (PID: 219) booted in 0.13s, phase: 0
[13] - Worker 36 (PID: 224) booted in 0.13s, phase: 0
[13] - Worker 37 (PID: 230) booted in 0.13s, phase: 0
[13] - Worker 38 (PID: 235) booted in 0.12s, phase: 0
[13] - Worker 39 (PID: 241) booted in 0.12s, phase: 0
[13] - Worker 40 (PID: 247) booted in 0.12s, phase: 0
[13] - Worker 41 (PID: 253) booted in 0.12s, phase: 0
[13] - Worker 42 (PID: 259) booted in 0.12s, phase: 0
[13] - Worker 43 (PID: 265) booted in 0.11s, phase: 0
[13] - Worker 44 (PID: 271) booted in 0.11s, phase: 0
[13] - Worker 45 (PID: 277) booted in 0.11s, phase: 0
[13] - Worker 46 (PID: 283) booted in 0.11s, phase: 0
[13] - Worker 47 (PID: 288) booted in 0.1s, phase: 0
[13] - Worker 48 (PID: 294) booted in 0.1s, phase: 0
[13] - Worker 49 (PID: 300) booted in 0.1s, phase: 0
[13] - Worker 50 (PID: 306) booted in 0.1s, phase: 0
[13] - Worker 51 (PID: 313) booted in 0.1s, phase: 0
[13] - Worker 52 (PID: 318) booted in 0.09s, phase: 0
[13] - Worker 53 (PID: 325) booted in 0.09s, phase: 0
[13] - Worker 54 (PID: 330) booted in 0.09s, phase: 0
[13] - Worker 55 (PID: 336) booted in 0.09s, phase: 0
[13] - Worker 56 (PID: 342) booted in 0.08s, phase: 0
[13] - Worker 57 (PID: 348) booted in 0.08s, phase: 0
[13] - Worker 58 (PID: 354) booted in 0.08s, phase: 0
[13] - Worker 59 (PID: 361) booted in 0.08s, phase: 0
[13] - Worker 60 (PID: 366) booted in 0.08s, phase: 0
[13] - Worker 61 (PID: 372) booted in 0.07s, phase: 0
[13] - Worker 62 (PID: 379) booted in 0.07s, phase: 0
[13] - Worker 63 (PID: 385) booted in 0.07s, phase: 0
