{"time":"2026-05-01T12:00:35.344113901Z","level":"INFO","msg":"Server started","http":":80"}
=> Booting Puma
=> Rails 8.1.3 application starting in production 
=> Run `bin/rails server --help` for more startup options
[13] Puma starting in cluster mode...
[13] * Puma version: 7.2.0 ("On The Corner")
[13] * Ruby version: ruby 4.0.3 (2026-04-21 revision 85ddef263a) +YJIT +MN +PRISM [x86_64-linux]
[13] *  Min threads: 3
[13] *  Max threads: 3
[13] *  Environment: production
[13] *   Master PID: 13
[13] *      Workers: 64
[13] *     Restarts: (✔) hot (✖) phased (✖) refork
[13] * Preloading application
[13] * Listening on http://0.0.0.0:8080
[13] Use Ctrl-C to stop
[13] ! WARNING: Detected `RUBY_MN_THREADS=1`
[13] ! This setting is known to cause performance regressions with Puma.
[13] ! Consider disabling this environment variable: https://github.com/puma/puma/issues/3720
[13] - Worker 0 (PID: 19) booted in 0.19s, phase: 0
[13] - Worker 1 (PID: 23) booted in 0.18s, phase: 0
[13] - Worker 2 (PID: 27) booted in 0.18s, phase: 0
[13] - Worker 3 (PID: 31) booted in 0.18s, phase: 0
[13] - Worker 4 (PID: 35) booted in 0.18s, phase: 0
[13] - Worker 5 (PID: 40) booted in 0.18s, phase: 0
[13] - Worker 6 (PID: 45) booted in 0.17s, phase: 0
[13] - Worker 7 (PID: 50) booted in 0.17s, phase: 0
[13] - Worker 8 (PID: 55) booted in 0.17s, phase: 0
[13] - Worker 9 (PID: 61) booted in 0.17s, phase: 0
[13] - Worker 10 (PID: 68) booted in 0.16s, phase: 0
[13] - Worker 11 (PID: 75) booted in 0.16s, phase: 0
[13] - Worker 12 (PID: 81) booted in 0.16s, phase: 0
[13] - Worker 13 (PID: 88) booted in 0.15s, phase: 0
[13] - Worker 14 (PID: 98) booted in 0.15s, phase: 0
[13] - Worker 15 (PID: 103) booted in 0.14s, phase: 0
[13] - Worker 16 (PID: 109) booted in 0.14s, phase: 0
[13] - Worker 17 (PID: 113) booted in 0.14s, phase: 0
[13] - Worker 18 (PID: 118) booted in 0.14s, phase: 0
[13] - Worker 19 (PID: 123) booted in 0.14s, phase: 0
[13] - Worker 20 (PID: 129) booted in 0.13s, phase: 0
[13] - Worker 21 (PID: 135) booted in 0.13s, phase: 0
[13] - Worker 22 (PID: 141) booted in 0.13s, phase: 0
[13] - Worker 23 (PID: 147) booted in 0.13s, phase: 0
[13] - Worker 24 (PID: 153) booted in 0.12s, phase: 0
[13] - Worker 25 (PID: 159) booted in 0.12s, phase: 0
[13] - Worker 26 (PID: 164) booted in 0.12s, phase: 0
[13] - Worker 27 (PID: 170) booted in 0.12s, phase: 0
[13] - Worker 28 (PID: 176) booted in 0.11s, phase: 0
[13] - Worker 29 (PID: 184) booted in 0.11s, phase: 0
[13] - Worker 30 (PID: 193) booted in 0.11s, phase: 0
[13] - Worker 31 (PID: 198) booted in 0.1s, phase: 0
[13] - Worker 32 (PID: 203) booted in 0.1s, phase: 0
[13] - Worker 33 (PID: 209) booted in 0.1s, phase: 0
[13] - Worker 34 (PID: 214) booted in 0.1s, phase: 0
[13] - Worker 35 (PID: 219) booted in 0.09s, phase: 0
[13] - Worker 36 (PID: 224) booted in 0.09s, phase: 0
[13] - Worker 37 (PID: 230) booted in 0.09s, phase: 0
[13] - Worker 38 (PID: 235) booted in 0.09s, phase: 0
[13] - Worker 39 (PID: 243) booted in 0.08s, phase: 0
[13] - Worker 40 (PID: 249) booted in 0.08s, phase: 0
[13] - Worker 41 (PID: 255) booted in 0.08s, phase: 0
[13] - Worker 42 (PID: 260) booted in 0.08s, phase: 0
[13] - Worker 43 (PID: 266) booted in 0.07s, phase: 0
[13] - Worker 44 (PID: 272) booted in 0.07s, phase: 0
[13] - Worker 45 (PID: 278) booted in 0.07s, phase: 0
[13] - Worker 46 (PID: 283) booted in 0.07s, phase: 0
[13] - Worker 47 (PID: 289) booted in 0.06s, phase: 0
[13] - Worker 48 (PID: 295) booted in 0.06s, phase: 0
[13] - Worker 49 (PID: 301) booted in 0.06s, phase: 0
[13] - Worker 50 (PID: 307) booted in 0.06s, phase: 0
[13] - Worker 51 (PID: 313) booted in 0.05s, phase: 0
[13] - Worker 52 (PID: 319) booted in 0.05s, phase: 0
[13] - Worker 53 (PID: 325) booted in 0.05s, phase: 0
[13] - Worker 54 (PID: 331) booted in 0.05s, phase: 0
[13] - Worker 55 (PID: 337) booted in 0.05s, phase: 0
[13] - Worker 56 (PID: 343) booted in 0.04s, phase: 0
[13] - Worker 57 (PID: 349) booted in 0.04s, phase: 0
[13] - Worker 58 (PID: 355) booted in 0.04s, phase: 0
[13] - Worker 59 (PID: 362) booted in 0.03s, phase: 0
[13] - Worker 60 (PID: 369) booted in 0.03s, phase: 0
[13] - Worker 61 (PID: 375) booted in 0.03s, phase: 0
[13] - Worker 62 (PID: 381) booted in 0.03s, phase: 0
[13] - Worker 63 (PID: 386) booted in 0.03s, phase: 0
