[1] Puma starting in cluster mode...
[1] * Puma version: 8.0.1 ("Into the Arena")
[1] * Ruby version: ruby 4.0.5 (2026-05-20 revision 64336ffd0e) +YJIT +MN +PRISM [x86_64-linux]
[1] *  Min threads: 3
[1] *  Max threads: 3
[1] *  Environment: production
[1] *   Master PID: 1
[1] *      Workers: 64
[1] *     Restarts: (✔) hot (✖) phased (✖) refork
[1] * Preloading application
[1] * Listening on http://0.0.0.0:8080
[1] * Listening on ssl://0.0.0.0:8081?cert=/certs/server.crt&key=/certs/server.key
[1] Use Ctrl-C to stop
[1] ! WARNING: Detected `RUBY_MN_THREADS=1`
[1] ! This setting is known to cause performance regressions with Puma.
[1] ! Consider disabling this environment variable: https://github.com/puma/puma/issues/3720
[1] - Worker 0 (PID: 9) booted in 0.12s, phase: 0
[1] - Worker 1 (PID: 12) booted in 0.11s, phase: 0
[1] - Worker 2 (PID: 15) booted in 0.11s, phase: 0
[1] - Worker 3 (PID: 20) booted in 0.11s, phase: 0
[1] - Worker 4 (PID: 24) booted in 0.11s, phase: 0
[1] - Worker 5 (PID: 28) booted in 0.11s, phase: 0
[1] - Worker 6 (PID: 32) booted in 0.1s, phase: 0
[1] - Worker 7 (PID: 37) booted in 0.1s, phase: 0
[1] - Worker 8 (PID: 43) booted in 0.1s, phase: 0
[1] - Worker 9 (PID: 48) booted in 0.1s, phase: 0
[1] - Worker 10 (PID: 52) booted in 0.1s, phase: 0
[1] - Worker 11 (PID: 57) booted in 0.09s, phase: 0
[1] - Worker 12 (PID: 64) booted in 0.09s, phase: 0
[1] - Worker 13 (PID: 71) booted in 0.09s, phase: 0
[1] - Worker 14 (PID: 77) booted in 0.09s, phase: 0
[1] - Worker 15 (PID: 82) booted in 0.09s, phase: 0
[1] - Worker 16 (PID: 87) booted in 0.09s, phase: 0
[1] - Worker 17 (PID: 92) booted in 0.09s, phase: 0
[1] - Worker 18 (PID: 96) booted in 0.09s, phase: 0
[1] - Worker 19 (PID: 102) booted in 0.09s, phase: 0
[1] - Worker 20 (PID: 108) booted in 0.09s, phase: 0
[1] - Worker 21 (PID: 113) booted in 0.09s, phase: 0
[1] - Worker 22 (PID: 118) booted in 0.1s, phase: 0
[1] - Worker 23 (PID: 123) booted in 0.1s, phase: 0
[1] - Worker 24 (PID: 128) booted in 0.09s, phase: 0
[1] - Worker 25 (PID: 134) booted in 0.09s, phase: 0
[1] - Worker 26 (PID: 140) booted in 0.09s, phase: 0
[1] - Worker 27 (PID: 146) booted in 0.09s, phase: 0
[1] - Worker 28 (PID: 151) booted in 0.09s, phase: 0
[1] - Worker 29 (PID: 159) booted in 0.09s, phase: 0
[1] - Worker 30 (PID: 169) booted in 0.09s, phase: 0
[1] - Worker 31 (PID: 175) booted in 0.08s, phase: 0
[1] - Worker 32 (PID: 180) booted in 0.08s, phase: 0
[1] - Worker 33 (PID: 185) booted in 0.08s, phase: 0
[1] - Worker 34 (PID: 192) booted in 0.08s, phase: 0
[1] - Worker 35 (PID: 198) booted in 0.08s, phase: 0
[1] - Worker 36 (PID: 203) booted in 0.08s, phase: 0
[1] - Worker 37 (PID: 210) booted in 0.08s, phase: 0
[1] - Worker 38 (PID: 214) booted in 0.08s, phase: 0
[1] - Worker 39 (PID: 219) booted in 0.07s, phase: 0
[1] - Worker 40 (PID: 224) booted in 0.07s, phase: 0
[1] - Worker 41 (PID: 230) booted in 0.07s, phase: 0
[1] - Worker 42 (PID: 236) booted in 0.07s, phase: 0
[1] - Worker 43 (PID: 244) booted in 0.07s, phase: 0
[1] - Worker 44 (PID: 249) booted in 0.07s, phase: 0
[1] - Worker 45 (PID: 254) booted in 0.07s, phase: 0
[1] - Worker 46 (PID: 260) booted in 0.06s, phase: 0
[1] - Worker 47 (PID: 266) booted in 0.06s, phase: 0
[1] - Worker 48 (PID: 274) booted in 0.06s, phase: 0
[1] - Worker 49 (PID: 280) booted in 0.06s, phase: 0
[1] - Worker 50 (PID: 286) booted in 0.06s, phase: 0
[1] - Worker 51 (PID: 290) booted in 0.06s, phase: 0
[1] - Worker 52 (PID: 296) booted in 0.05s, phase: 0
[1] - Worker 53 (PID: 303) booted in 0.05s, phase: 0
[1] - Worker 54 (PID: 307) booted in 0.05s, phase: 0
[1] - Worker 55 (PID: 314) booted in 0.05s, phase: 0
[1] - Worker 57 (PID: 325) booted in 0.05s, phase: 0
[1] - Worker 56 (PID: 319) booted in 0.05s, phase: 0
[1] - Worker 58 (PID: 329) booted in 0.05s, phase: 0
[1] - Worker 59 (PID: 335) booted in 0.04s, phase: 0
[1] - Worker 60 (PID: 343) booted in 0.04s, phase: 0
[1] - Worker 61 (PID: 347) booted in 0.04s, phase: 0
[1] - Worker 62 (PID: 352) booted in 0.04s, phase: 0
[1] - Worker 63 (PID: 361) booted in 0.04s, phase: 0
