{"time":"2026-05-01T11:54:58.24643554Z","level":"INFO","msg":"Server started","http":":80"}
=> Booting Puma
=> Rails 8.1.3 application starting in production 
=> Run `bin/rails server --help` for more startup options
[12] Puma starting in cluster mode...
[12] * Puma version: 7.2.0 ("On The Corner")
[12] * Ruby version: ruby 4.0.3 (2026-04-21 revision 85ddef263a) +YJIT +MN +PRISM [x86_64-linux]
[12] *  Min threads: 3
[12] *  Max threads: 3
[12] *  Environment: production
[12] *   Master PID: 12
[12] *      Workers: 64
[12] *     Restarts: (✔) hot (✖) phased (✖) refork
[12] * Preloading application
[12] * Listening on http://0.0.0.0:8080
[12] Use Ctrl-C to stop
[12] ! WARNING: Detected `RUBY_MN_THREADS=1`
[12] ! This setting is known to cause performance regressions with Puma.
[12] ! Consider disabling this environment variable: https://github.com/puma/puma/issues/3720
[12] - Worker 0 (PID: 19) booted in 0.17s, phase: 0
[12] - Worker 1 (PID: 23) booted in 0.17s, phase: 0
[12] - Worker 2 (PID: 27) booted in 0.16s, phase: 0
[12] - Worker 3 (PID: 31) booted in 0.16s, phase: 0
[12] - Worker 4 (PID: 35) booted in 0.16s, phase: 0
[12] - Worker 5 (PID: 40) booted in 0.16s, phase: 0
[12] - Worker 6 (PID: 45) booted in 0.16s, phase: 0
[12] - Worker 7 (PID: 50) booted in 0.15s, phase: 0
[12] - Worker 8 (PID: 55) booted in 0.15s, phase: 0
[12] - Worker 9 (PID: 61) booted in 0.15s, phase: 0
[12] - Worker 10 (PID: 66) booted in 0.15s, phase: 0
[12] - Worker 11 (PID: 72) booted in 0.15s, phase: 0
[12] - Worker 12 (PID: 78) booted in 0.14s, phase: 0
[12] - Worker 13 (PID: 84) booted in 0.14s, phase: 0
[12] - Worker 14 (PID: 93) booted in 0.14s, phase: 0
[12] - Worker 15 (PID: 99) booted in 0.13s, phase: 0
[12] - Worker 16 (PID: 105) booted in 0.13s, phase: 0
[12] - Worker 17 (PID: 111) booted in 0.13s, phase: 0
[12] - Worker 18 (PID: 116) booted in 0.13s, phase: 0
[12] - Worker 19 (PID: 122) booted in 0.13s, phase: 0
[12] - Worker 20 (PID: 128) booted in 0.12s, phase: 0
[12] - Worker 21 (PID: 134) booted in 0.12s, phase: 0
[12] - Worker 22 (PID: 139) booted in 0.12s, phase: 0
[12] - Worker 23 (PID: 145) booted in 0.12s, phase: 0
[12] - Worker 24 (PID: 151) booted in 0.12s, phase: 0
[12] - Worker 25 (PID: 157) booted in 0.11s, phase: 0
[12] - Worker 26 (PID: 163) booted in 0.11s, phase: 0
[12] - Worker 27 (PID: 169) booted in 0.11s, phase: 0
[12] - Worker 28 (PID: 174) booted in 0.11s, phase: 0
[12] - Worker 29 (PID: 183) booted in 0.1s, phase: 0
[12] - Worker 30 (PID: 193) booted in 0.1s, phase: 0
[12] - Worker 31 (PID: 197) booted in 0.1s, phase: 0
[12] - Worker 32 (PID: 202) booted in 0.09s, phase: 0
[12] - Worker 33 (PID: 208) booted in 0.09s, phase: 0
[12] - Worker 34 (PID: 213) booted in 0.09s, phase: 0
[12] - Worker 35 (PID: 219) booted in 0.09s, phase: 0
[12] - Worker 36 (PID: 224) booted in 0.09s, phase: 0
[12] - Worker 37 (PID: 230) booted in 0.08s, phase: 0
[12] - Worker 38 (PID: 235) booted in 0.08s, phase: 0
[12] - Worker 39 (PID: 240) booted in 0.08s, phase: 0
[12] - Worker 40 (PID: 247) booted in 0.08s, phase: 0
[12] - Worker 41 (PID: 253) booted in 0.08s, phase: 0
[12] - Worker 42 (PID: 259) booted in 0.07s, phase: 0
[12] - Worker 43 (PID: 265) booted in 0.07s, phase: 0
[12] - Worker 44 (PID: 271) booted in 0.07s, phase: 0
[12] - Worker 45 (PID: 277) booted in 0.07s, phase: 0
[12] - Worker 46 (PID: 282) booted in 0.06s, phase: 0
[12] - Worker 47 (PID: 288) booted in 0.06s, phase: 0
[12] - Worker 48 (PID: 294) booted in 0.06s, phase: 0
[12] - Worker 49 (PID: 300) booted in 0.06s, phase: 0
[12] - Worker 50 (PID: 306) booted in 0.06s, phase: 0
[12] - Worker 51 (PID: 313) booted in 0.05s, phase: 0
[12] - Worker 52 (PID: 319) booted in 0.05s, phase: 0
[12] - Worker 53 (PID: 324) booted in 0.05s, phase: 0
[12] - Worker 54 (PID: 331) booted in 0.05s, phase: 0
[12] - Worker 55 (PID: 337) booted in 0.04s, phase: 0
[12] - Worker 56 (PID: 343) booted in 0.04s, phase: 0
[12] - Worker 57 (PID: 349) booted in 0.04s, phase: 0
[12] - Worker 58 (PID: 355) booted in 0.04s, phase: 0
[12] - Worker 59 (PID: 361) booted in 0.04s, phase: 0
[12] - Worker 60 (PID: 367) booted in 0.03s, phase: 0
[12] - Worker 61 (PID: 373) booted in 0.03s, phase: 0
[12] - Worker 62 (PID: 379) booted in 0.03s, phase: 0
[12] - Worker 63 (PID: 385) booted in 0.03s, phase: 0
