{"time":"2026-05-01T11:59:43.620395477Z","level":"INFO","msg":"Server started","http":":80"}
=> Booting Puma
=> Rails 8.1.3 application starting in production 
=> Run `bin/rails server --help` for more startup options
[14] Puma starting in cluster mode...
[14] * Puma version: 7.2.0 ("On The Corner")
[14] * Ruby version: ruby 4.0.3 (2026-04-21 revision 85ddef263a) +YJIT +MN +PRISM [x86_64-linux]
[14] *  Min threads: 3
[14] *  Max threads: 3
[14] *  Environment: production
[14] *   Master PID: 14
[14] *      Workers: 64
[14] *     Restarts: (✔) hot (✖) phased (✖) refork
[14] * Preloading application
[14] * Listening on http://0.0.0.0:8080
[14] Use Ctrl-C to stop
[14] ! WARNING: Detected `RUBY_MN_THREADS=1`
[14] ! This setting is known to cause performance regressions with Puma.
[14] ! Consider disabling this environment variable: https://github.com/puma/puma/issues/3720
[14] - Worker 0 (PID: 18) booted in 0.25s, phase: 0
[14] - Worker 1 (PID: 22) booted in 0.24s, phase: 0
[14] - Worker 2 (PID: 26) booted in 0.24s, phase: 0
[14] - Worker 3 (PID: 30) booted in 0.24s, phase: 0
[14] - Worker 4 (PID: 34) booted in 0.24s, phase: 0
[14] - Worker 5 (PID: 39) booted in 0.24s, phase: 0
[14] - Worker 6 (PID: 44) booted in 0.23s, phase: 0
[14] - Worker 7 (PID: 49) booted in 0.23s, phase: 0
[14] - Worker 8 (PID: 54) booted in 0.23s, phase: 0
[14] - Worker 9 (PID: 60) booted in 0.23s, phase: 0
[14] - Worker 10 (PID: 66) booted in 0.23s, phase: 0
[14] - Worker 11 (PID: 72) booted in 0.22s, phase: 0
[14] - Worker 12 (PID: 78) booted in 0.22s, phase: 0
[14] - Worker 13 (PID: 84) booted in 0.22s, phase: 0
[14] - Worker 14 (PID: 92) booted in 0.22s, phase: 0
[14] - Worker 15 (PID: 98) booted in 0.22s, phase: 0
[14] - Worker 16 (PID: 103) booted in 0.21s, phase: 0
[14] - Worker 17 (PID: 108) booted in 0.21s, phase: 0
[14] - Worker 18 (PID: 112) booted in 0.21s, phase: 0
[14] - Worker 19 (PID: 117) booted in 0.21s, phase: 0
[14] - Worker 20 (PID: 127) booted in 0.21s, phase: 0
[14] - Worker 21 (PID: 134) booted in 0.2s, phase: 0
[14] - Worker 22 (PID: 140) booted in 0.2s, phase: 0
[14] - Worker 23 (PID: 145) booted in 0.2s, phase: 0
[14] - Worker 24 (PID: 150) booted in 0.2s, phase: 0
[14] - Worker 25 (PID: 155) booted in 0.19s, phase: 0
[14] - Worker 26 (PID: 165) booted in 0.19s, phase: 0
[14] - Worker 27 (PID: 169) booted in 0.19s, phase: 0
[14] - Worker 28 (PID: 175) booted in 0.19s, phase: 0
[14] - Worker 29 (PID: 182) booted in 0.18s, phase: 0
[14] - Worker 30 (PID: 189) booted in 0.18s, phase: 0
[14] - Worker 31 (PID: 193) booted in 0.18s, phase: 0
[14] - Worker 32 (PID: 201) booted in 0.18s, phase: 0
[14] - Worker 33 (PID: 207) booted in 0.17s, phase: 0
[14] - Worker 34 (PID: 212) booted in 0.17s, phase: 0
[14] - Worker 35 (PID: 218) booted in 0.17s, phase: 0
[14] - Worker 36 (PID: 223) booted in 0.17s, phase: 0
[14] - Worker 37 (PID: 229) booted in 0.17s, phase: 0
[14] - Worker 38 (PID: 234) booted in 0.16s, phase: 0
[14] - Worker 39 (PID: 239) booted in 0.16s, phase: 0
[14] - Worker 40 (PID: 246) booted in 0.16s, phase: 0
[14] - Worker 41 (PID: 251) booted in 0.15s, phase: 0
[14] - Worker 42 (PID: 259) booted in 0.15s, phase: 0
[14] - Worker 43 (PID: 264) booted in 0.14s, phase: 0
[14] - Worker 44 (PID: 269) booted in 0.14s, phase: 0
[14] - Worker 45 (PID: 275) booted in 0.13s, phase: 0
[14] - Worker 46 (PID: 280) booted in 0.13s, phase: 0
[14] - Worker 47 (PID: 286) booted in 0.12s, phase: 0
[14] - Worker 48 (PID: 291) booted in 0.12s, phase: 0
[14] - Worker 49 (PID: 297) booted in 0.11s, phase: 0
[14] - Worker 50 (PID: 302) booted in 0.11s, phase: 0
[14] - Worker 51 (PID: 308) booted in 0.1s, phase: 0
[14] - Worker 52 (PID: 313) booted in 0.1s, phase: 0
[14] - Worker 53 (PID: 318) booted in 0.09s, phase: 0
[14] - Worker 54 (PID: 324) booted in 0.09s, phase: 0
[14] - Worker 55 (PID: 329) booted in 0.08s, phase: 0
[14] - Worker 56 (PID: 334) booted in 0.08s, phase: 0
[14] - Worker 57 (PID: 341) booted in 0.07s, phase: 0
[14] - Worker 58 (PID: 347) booted in 0.07s, phase: 0
[14] - Worker 59 (PID: 355) booted in 0.06s, phase: 0
[14] - Worker 60 (PID: 361) booted in 0.06s, phase: 0
[14] - Worker 61 (PID: 367) booted in 0.05s, phase: 0
[14] - Worker 62 (PID: 373) booted in 0.04s, phase: 0
[14] - Worker 63 (PID: 379) booted in 0.04s, phase: 0
